[10:17:26] [ServerMain/INFO]: Environment: Environment[accountsHost=https://api.mojang.com, sessionHost=https://sessionserver.mojang.com, servicesHost=https://api.minecraftservices.com, name=PROD]
[10:17:30] [ServerMain/INFO]: Loaded 7 recipes
[10:17:30] [Server thread/INFO]: Starting minecraft server version 1.20.2
[10:17:30] [Server thread/WARN]: ****************************
[10:17:30] [Server thread/WARN]: YOU ARE RUNNING THIS SERVER AS AN ADMINISTRATIVE OR ROOT USER. THIS IS NOT ADVISED.
[10:17:30] [Server thread/WARN]: YOU ARE OPENING YOURSELF UP TO POTENTIAL RISKS WHEN DOING THIS.
[10:17:30] [Server thread/WARN]: FOR MORE INFORMATION, SEE https://madelinemiller.dev/blog/root-minecraft-server/
[10:17:30] [Server thread/WARN]: ****************************
[10:17:30] [Server thread/INFO]: Loading properties
[10:17:31] [Server thread/INFO]: This server is running Paper version git-Paper-307 (MC: 1.20.2) (Implementing API version 1.20.2-R0.1-SNAPSHOT) (Git: b37bbcf)
[10:17:31] [Server thread/INFO]: Server Ping Player Sample Count: 12
[10:17:31] [Server thread/INFO]: Using 4 threads for Netty based IO
[10:17:32] [Server thread/WARN]: [!] The timings profiler has been enabled but has been scheduled for removal from Paper in the future.
    We recommend installing the spark profiler as a replacement: https://spark.lucko.me/
    For more information please visit: https://github.com/PaperMC/Paper/issues/8948
[10:17:32] [Server thread/INFO]: [ChunkTaskScheduler] Chunk system is using 1 I/O threads, 1 worker threads, and gen parallelism of 1 threads
[10:17:33] [Server thread/INFO]: Default game type: SURVIVAL
[10:17:33] [Server thread/INFO]: Generating keypair
[10:17:33] [Server thread/INFO]: Starting Minecraft server on *:36500
[10:17:33] [Server thread/INFO]: Using epoll channel type
[10:17:33] [Server thread/INFO]: Paper: Using libdeflate (Linux x86_64) compression from Velocity.
[10:17:33] [Server thread/INFO]: Paper: Using OpenSSL 3.0.x (Linux x86_64) cipher from Velocity.
[10:17:33] [Server thread/INFO]: Server permissions file permissions.yml is empty, ignoring it
[10:17:33] [Server thread/WARN]: **** SERVER IS RUNNING IN OFFLINE/INSECURE MODE!
[10:17:33] [Server thread/WARN]: The server will make no attempt to authenticate usernames. Beware.
[10:17:33] [Server thread/WARN]: While this makes the game possible to play without internet access, it also opens up the ability for hackers to connect with any username they choose.
[10:17:33] [Server thread/WARN]: To change this, set "online-mode" to "true" in the server.properties file.
[10:17:33] [Server thread/INFO]: Preparing level "world"
[10:17:34] [Server thread/INFO]: Preparing start region for dimension minecraft:overworld
[10:17:35] [Server thread/INFO]: Time elapsed: 513 ms
[10:17:35] [Server thread/INFO]: Preparing start region for dimension minecraft:the_nether
[10:17:35] [Server thread/INFO]: Time elapsed: 155 ms
[10:17:35] [Server thread/INFO]: Preparing start region for dimension minecraft:the_end
[10:17:35] [Server thread/INFO]: Time elapsed: 84 ms
[10:17:35] [Server thread/INFO]: Running delayed init tasks
[10:17:35] [Server thread/INFO]: Done (4.451s)! For help, type "help"
[10:17:35] [Server thread/INFO]: Timings Reset
